{"numFailedTestSuites":0,"numFailedTests":0,"numPassedTestSuites":2,"numPassedTests":3,"numPendingTestSuites":0,"numPendingTests":0,"numRuntimeErrorTestSuites":0,"numTodoTests":0,"numTotalTestSuites":2,"numTotalTests":3,"openHandles":[],"snapshot":{"added":0,"didUpdate":false,"failure":false,"filesAdded":0,"filesRemoved":0,"filesRemovedList":[],"filesUnmatched":0,"filesUpdated":0,"matched":0,"total":0,"unchecked":0,"uncheckedKeysByFile":[],"unmatched":0,"updated":0},"startTime":1755770985015,"success":true,"testResults":[{"assertionResults":[{"ancestorTitles":["Checkout → Payment (e2e pseudo)"],"duration":17,"failureDetails":[],"failureMessages":[],"fullName":"Checkout → Payment (e2e pseudo) placeholder","invocations":1,"location":null,"numPassingAsserts":1,"retryReasons":[],"status":"passed","title":"placeholder"}],"endTime":1755770995230,"message":"","name":"/Users/macbook/Desktop/Code/audiotailoc/backend/test/e2e/checkout.e2e.spec.ts","startTime":1755770985942,"status":"passed","summary":""},{"assertionResults":[{"ancestorTitles":["PromotionService"],"duration":10,"failureDetails":[],"failureMessages":[],"fullName":"PromotionService computes percent discounts","invocations":1,"location":null,"numPassingAsserts":2,"retryReasons":[],"status":"passed","title":"computes percent discounts"},{"ancestorTitles":["PromotionService"],"duration":1,"failureDetails":[],"failureMessages":[],"fullName":"PromotionService computes fixed discounts","invocations":1,"location":null,"numPassingAsserts":2,"retryReasons":[],"status":"passed","title":"computes fixed discounts"}],"endTime":1755770995883,"message":"","name":"/Users/macbook/Desktop/Code/audiotailoc/backend/test/unit/promotion.service.spec.ts","startTime":1755770985939,"status":"passed","summary":""}],"wasInterrupted":false}
